0 info it worked if it ends with ok
1 verbose cli [ '/usr/bin/node', '/usr/bin/npm', 'install', 'materializa-css' ]
2 info using npm@1.4.28
3 info using node@v0.10.38
4 verbose node symlink /usr/bin/node
5 warn package.json karma-firefox-launcher@0.1.4 No README data
6 warn package.json karma-phantomjs-launcher@0.1.4 No README data
7 verbose readDependencies using package.json deps
8 verbose cache add [ 'materializa-css', null ]
9 verbose cache add name=undefined spec="materializa-css" args=["materializa-css",null]
10 verbose parsed url { protocol: null,
10 verbose parsed url   slashes: null,
10 verbose parsed url   auth: null,
10 verbose parsed url   host: null,
10 verbose parsed url   port: null,
10 verbose parsed url   hostname: null,
10 verbose parsed url   hash: null,
10 verbose parsed url   search: null,
10 verbose parsed url   query: null,
10 verbose parsed url   pathname: 'materializa-css',
10 verbose parsed url   path: 'materializa-css',
10 verbose parsed url   href: 'materializa-css' }
11 silly lockFile ddab5cef-materializa-css materializa-css
12 verbose lock materializa-css /home/lucas/.npm/ddab5cef-materializa-css.lock
13 silly lockFile ddab5cef-materializa-css materializa-css
14 silly lockFile ddab5cef-materializa-css materializa-css
15 verbose addNamed [ 'materializa-css', '' ]
16 verbose addNamed [ null, '*' ]
17 silly lockFile ed58fb25-materializa-css materializa-css@
18 verbose lock materializa-css@ /home/lucas/.npm/ed58fb25-materializa-css.lock
19 silly addNameRange { name: 'materializa-css', range: '*', hasData: false }
20 verbose request where is /materializa-css
21 verbose request registry https://registry.npmjs.org/
22 verbose request id bb33d91cd20cb870
23 verbose url raw /materializa-css
24 verbose url resolving [ 'https://registry.npmjs.org/', './materializa-css' ]
25 verbose url resolved https://registry.npmjs.org/materializa-css
26 verbose request where is https://registry.npmjs.org/materializa-css
27 info trying registry request attempt 1 at 16:51:35
28 http GET https://registry.npmjs.org/materializa-css
29 http 404 https://registry.npmjs.org/materializa-css
30 verbose headers { date: 'Fri, 24 Apr 2015 19:51:36 GMT',
30 verbose headers   server: 'CouchDB/1.5.0 (Erlang OTP/R16B03)',
30 verbose headers   'content-type': 'application/json',
30 verbose headers   'cache-control': 'max-age=0',
30 verbose headers   'content-length': '51',
30 verbose headers   'accept-ranges': 'bytes',
30 verbose headers   via: '1.1 varnish',
30 verbose headers   age: '0',
30 verbose headers   'x-served-by': 'cache-jfk1021-JFK',
30 verbose headers   'x-cache': 'MISS',
30 verbose headers   'x-cache-hits': '0',
30 verbose headers   'x-timer': 'S1429905095.990286,VS0,VE90',
30 verbose headers   'keep-alive': 'timeout=10, max=50',
30 verbose headers   connection: 'Keep-Alive' }
31 silly registry.get cb [ 404,
31 silly registry.get   { date: 'Fri, 24 Apr 2015 19:51:36 GMT',
31 silly registry.get     server: 'CouchDB/1.5.0 (Erlang OTP/R16B03)',
31 silly registry.get     'content-type': 'application/json',
31 silly registry.get     'cache-control': 'max-age=0',
31 silly registry.get     'content-length': '51',
31 silly registry.get     'accept-ranges': 'bytes',
31 silly registry.get     via: '1.1 varnish',
31 silly registry.get     age: '0',
31 silly registry.get     'x-served-by': 'cache-jfk1021-JFK',
31 silly registry.get     'x-cache': 'MISS',
31 silly registry.get     'x-cache-hits': '0',
31 silly registry.get     'x-timer': 'S1429905095.990286,VS0,VE90',
31 silly registry.get     'keep-alive': 'timeout=10, max=50',
31 silly registry.get     connection: 'Keep-Alive' } ]
32 silly lockFile ed58fb25-materializa-css materializa-css@
33 silly lockFile ed58fb25-materializa-css materializa-css@
34 error 404 404 Not Found: materializa-css
34 error 404
34 error 404 'materializa-css' is not in the npm registry.
34 error 404 You should bug the author to publish it
34 error 404 It was specified as a dependency of 'angular-seed'
34 error 404
34 error 404 Note that you can also install from a
34 error 404 tarball, folder, or http url, or git url.
35 error System Linux 3.13.0-51-generic
36 error command "/usr/bin/node" "/usr/bin/npm" "install" "materializa-css"
37 error cwd /home/lucas/dev/front-end-projects/angular-seed
38 error node -v v0.10.38
39 error npm -v 1.4.28
40 error code E404
41 verbose exit [ 1, true ]
